<?xml version="1.0" encoding="UTF-8"?>
<!-- Generated by org.testng.reporters.JUnitReportReporter -->
<testsuite hostname="Hari-PC" failures="0" tests="2" name="Academy.HomePage" time="15.919" errors="0" timestamp="16 Nov 2019 03:43:11 GMT" skipped="0">
  <testcase classname="Academy.HomePage" name="basePageNavigation" time="4.363"/>
  <testcase classname="Academy.HomePage" name="basePageNavigation" time="11.556"/>
</testsuite> <!-- Academy.HomePage -->
