<?xml version="1.0" encoding="UTF-8"?>
<!-- Generated by org.testng.reporters.JUnitReportReporter -->
<testsuite hostname="Hari-PC" failures="0" tests="1" name="Academy.validateNavigationBar" time="0.048" errors="0" timestamp="16 Nov 2019 03:43:11 GMT" skipped="0">
  <testcase classname="Academy.validateNavigationBar" name="validateAppNavigation" time="0.048"/>
</testsuite> <!-- Academy.validateNavigationBar -->
